This file contains any messages produced by compilers while
running configure, to aid debugging if configure makes a mistake.

It was created by asynch configure 1.4.3, which was
generated by GNU Autoconf 2.69.  Invocation command line was

  $ ../configure --prefix=/Dedicated/IFC/.argon CFLAGS=-O3 -march=core-avx2 -DNDEBUG PKG_CONFIG_PATH=/opt/apps/openmpi/2.0.1_parallel_studio-2017.1/lib/pkgconfig:/opt/apps/zlib/1.2.11/lib/pkgconfig:/opt/apps/xz/5.2.3/lib/pkgconfig:/opt/apps/bzip2/1.0.6/lib/pkgconfig:/Dedicated/IFC/.argon/lib/pkgconfig

## --------- ##
## Platform. ##
## --------- ##

hostname = argon-login-1.hpc
uname -m = x86_64
uname -r = 3.10.0-862.14.4.el7.x86_64
uname -s = Linux
uname -v = #1 SMP Wed Sep 26 15:12:11 UTC 2018

/usr/bin/uname -p = x86_64
/bin/uname -X     = unknown

/bin/arch              = x86_64
/usr/bin/arch -k       = unknown
/usr/convex/getsysinfo = unknown
/usr/bin/hostinfo      = unknown
/bin/machine           = unknown
/usr/bin/oslevel       = unknown
/bin/universe          = unknown

PATH: /opt/apps/openmpi/2.0.1_parallel_studio-2017.1/bin
PATH: /opt/apps/hdf5/1.8.18_parallel_studio-2017.1/bin
PATH: /opt/sge/bin
PATH: /opt/sge/bin/lx-amd64
PATH: /Users/njadidoleslam/.vscode-server/bin/cd9ea6488829f560dc949a8b2fb789f3cdc05f5d/bin
PATH: /opt/apps/xz/5.2.3/bin
PATH: /opt/apps/jdk/8u121/bin
PATH: /opt/apps/bzip2/1.0.6/bin
PATH: /opt/apps/parallel_studio/2017.1/debugger_2017/gdb/intel64_mic/bin
PATH: /opt/apps/parallel_studio/2017.1/compilers_and_libraries_2017.1.132/linux/bin/intel64
PATH: /usr/lib64/qt-3.3/bin
PATH: /usr/local/bin
PATH: /usr/bin
PATH: /opt/puppetlabs/bin
PATH: /Users/njadidoleslam/.local/bin
PATH: /Dedicated/IFC/.argon/bin
PATH: /usr/local/sbin
PATH: /usr/sbin


## ----------- ##
## Core tests. ##
## ----------- ##

configure:2334: checking for a BSD-compatible install
configure:2402: result: /usr/bin/install -c
configure:2413: checking whether build environment is sane
configure:2468: result: yes
configure:2619: checking for a thread-safe mkdir -p
configure:2658: result: /usr/bin/mkdir -p
configure:2665: checking for gawk
configure:2681: found /usr/bin/gawk
configure:2692: result: gawk
configure:2703: checking whether make sets $(MAKE)
configure:2725: result: yes
configure:2754: checking whether make supports nested variables
configure:2771: result: yes
configure:2869: checking for style of include used by make
configure:2897: result: GNU
configure:2976: checking for mpicc
configure:2992: found /opt/apps/openmpi/2.0.1_parallel_studio-2017.1/bin/mpicc
configure:3003: result: mpicc
configure:3077: checking for gcc
configure:3104: result: mpicc
configure:3333: checking for C compiler version
configure:3342: mpicc --version >&5

## ---------------- ##
## Cache variables. ##
## ---------------- ##

ac_cv_env_CC_set=
ac_cv_env_CC_value=
ac_cv_env_CFLAGS_set=set
ac_cv_env_CFLAGS_value='-O3 -march=core-avx2 -DNDEBUG'
ac_cv_env_CHECK_CFLAGS_set=
ac_cv_env_CHECK_CFLAGS_value=
ac_cv_env_CHECK_LIBS_set=
ac_cv_env_CHECK_LIBS_value=
ac_cv_env_CPPFLAGS_set=
ac_cv_env_CPPFLAGS_value=
ac_cv_env_CPP_set=
ac_cv_env_CPP_value=
ac_cv_env_F77_set=
ac_cv_env_F77_value=
ac_cv_env_FFLAGS_set=
ac_cv_env_FFLAGS_value=
ac_cv_env_LDFLAGS_set=
ac_cv_env_LDFLAGS_value=
ac_cv_env_LIBS_set=
ac_cv_env_LIBS_value=
ac_cv_env_METIS_CFLAGS_set=
ac_cv_env_METIS_CFLAGS_value=
ac_cv_env_METIS_LIBS_set=
ac_cv_env_METIS_LIBS_value=
ac_cv_env_MPICC_set=
ac_cv_env_MPICC_value=
ac_cv_env_PETSC_CFLAGS_set=
ac_cv_env_PETSC_CFLAGS_value=
ac_cv_env_PETSC_LIBS_set=
ac_cv_env_PETSC_LIBS_value=
ac_cv_env_PKG_CONFIG_LIBDIR_set=
ac_cv_env_PKG_CONFIG_LIBDIR_value=
ac_cv_env_PKG_CONFIG_PATH_set=set
ac_cv_env_PKG_CONFIG_PATH_value=/opt/apps/openmpi/2.0.1_parallel_studio-2017.1/lib/pkgconfig:/opt/apps/zlib/1.2.11/lib/pkgconfig:/opt/apps/xz/5.2.3/lib/pkgconfig:/opt/apps/bzip2/1.0.6/lib/pkgconfig:/Dedicated/IFC/.argon/lib/pkgconfig
ac_cv_env_PKG_CONFIG_set=
ac_cv_env_PKG_CONFIG_value=
ac_cv_env_build_alias_set=
ac_cv_env_build_alias_value=
ac_cv_env_host_alias_set=
ac_cv_env_host_alias_value=
ac_cv_env_target_alias_set=
ac_cv_env_target_alias_value=
ac_cv_path_install='/usr/bin/install -c'
ac_cv_path_mkdir=/usr/bin/mkdir
ac_cv_prog_AWK=gawk
ac_cv_prog_ac_ct_CC=mpicc
ac_cv_prog_make_make_set=yes
am_cv_make_support_nested_variables=yes

## ----------------- ##
## Output variables. ##
## ----------------- ##

ACLOCAL='${SHELL} /Users/njadidoleslam/hlm_dev/asynch_richards/new_model/missing aclocal-1.13'
AMDEPBACKSLASH='\'
AMDEP_FALSE='#'
AMDEP_TRUE=''
AMTAR='$${TAR-tar}'
AM_BACKSLASH='\'
AM_DEFAULT_V='$(AM_DEFAULT_VERBOSITY)'
AM_DEFAULT_VERBOSITY='1'
AM_V='$(V)'
AR=''
AUTOCONF='${SHELL} /Users/njadidoleslam/hlm_dev/asynch_richards/new_model/missing autoconf'
AUTOHEADER='${SHELL} /Users/njadidoleslam/hlm_dev/asynch_richards/new_model/missing autoheader'
AUTOMAKE='${SHELL} /Users/njadidoleslam/hlm_dev/asynch_richards/new_model/missing automake-1.13'
AWK='gawk'
BLAS_LIBS=''
CC='mpicc'
CCDEPMODE=''
CFLAGS='-O3 -march=core-avx2 -DNDEBUG'
CHECK_CFLAGS=''
CHECK_LIBS=''
CPP=''
CPPFLAGS=''
CYGPATH_W='echo'
DEFS=''
DEPDIR='.deps'
ECHO_C=''
ECHO_N='-n'
ECHO_T=''
EGREP=''
EXEEXT=''
F77=''
FFLAGS=''
FLIBS=''
GREP=''
H5CC=''
H5FC=''
HDF5_CC=''
HDF5_CFLAGS=''
HDF5_CPPFLAGS=''
HDF5_FC=''
HDF5_FFLAGS=''
HDF5_FLIBS=''
HDF5_LDFLAGS=''
HDF5_LIBS=''
HDF5_TYPE=''
HDF5_VERSION=''
INSTALL_DATA='${INSTALL} -m 644'
INSTALL_PROGRAM='${INSTALL}'
INSTALL_SCRIPT='${INSTALL}'
INSTALL_STRIP_PROGRAM='$(install_sh) -c -s'
LAPACK_LIBS=''
LDFLAGS=''
LIBOBJS=''
LIBS=''
LTLIBOBJS=''
MAKEINFO='${SHELL} /Users/njadidoleslam/hlm_dev/asynch_richards/new_model/missing makeinfo'
METIS_CFLAGS=''
METIS_LIBS=''
MKDIR_P='/usr/bin/mkdir -p'
MPICC=''
OBJEXT=''
PACKAGE='asynch'
PACKAGE_BUGREPORT='andre-zanchetta@uiowa.edu'
PACKAGE_NAME='asynch'
PACKAGE_STRING='asynch 1.4.3'
PACKAGE_TARNAME='asynch'
PACKAGE_URL=''
PACKAGE_VERSION='1.4.3'
PATH_SEPARATOR=':'
PETSC_CFLAGS=''
PETSC_LIBS=''
PG_CONFIG=''
PKG_CONFIG=''
PKG_CONFIG_LIBDIR=''
PKG_CONFIG_PATH='/opt/apps/openmpi/2.0.1_parallel_studio-2017.1/lib/pkgconfig:/opt/apps/zlib/1.2.11/lib/pkgconfig:/opt/apps/xz/5.2.3/lib/pkgconfig:/opt/apps/bzip2/1.0.6/lib/pkgconfig:/Dedicated/IFC/.argon/lib/pkgconfig'
POSTGRESQL_CPPFLAGS=''
POSTGRESQL_LDFLAGS=''
POSTGRESQL_LIBS=''
POSTGRESQL_VERSION=''
RANLIB=''
SED=''
SET_MAKE=''
SHELL='/bin/sh'
STRIP=''
USE_PETSC_FALSE=''
USE_PETSC_TRUE=''
USE_POSTGRESQL_FALSE=''
USE_POSTGRESQL_TRUE=''
VERSION='1.4.3'
ac_ct_AR=''
ac_ct_CC='mpicc'
ac_ct_F77=''
am__EXEEXT_FALSE=''
am__EXEEXT_TRUE=''
am__fastdepCC_FALSE=''
am__fastdepCC_TRUE=''
am__include='include'
am__isrc=' -I$(srcdir)'
am__leading_dot='.'
am__nodep='_no'
am__quote=''
am__tar='$${TAR-tar} chof - "$$tardir"'
am__untar='$${TAR-tar} xf -'
bindir='${exec_prefix}/bin'
build=''
build_alias=''
build_cpu=''
build_os=''
build_vendor=''
datadir='${datarootdir}'
datarootdir='${prefix}/share'
docdir='${datarootdir}/doc/${PACKAGE_TARNAME}'
dvidir='${docdir}'
exec_prefix='NONE'
host=''
host_alias=''
host_cpu=''
host_os=''
host_vendor=''
htmldir='${docdir}'
includedir='${prefix}/include'
infodir='${datarootdir}/info'
install_sh='${SHELL} /Users/njadidoleslam/hlm_dev/asynch_richards/new_model/install-sh'
libdir='${exec_prefix}/lib'
libexecdir='${exec_prefix}/libexec'
localedir='${datarootdir}/locale'
localstatedir='${prefix}/var'
mandir='${datarootdir}/man'
mkdir_p='$(MKDIR_P)'
oldincludedir='/usr/include'
pdfdir='${docdir}'
prefix='/Dedicated/IFC/.argon'
program_transform_name='s,x,x,'
psdir='${docdir}'
sbindir='${exec_prefix}/sbin'
sharedstatedir='${prefix}/com'
sysconfdir='${prefix}/etc'
target_alias=''

## ----------- ##
## confdefs.h. ##
## ----------- ##

/* confdefs.h */
#define PACKAGE_NAME "asynch"
#define PACKAGE_TARNAME "asynch"
#define PACKAGE_VERSION "1.4.3"
#define PACKAGE_STRING "asynch 1.4.3"
#define PACKAGE_BUGREPORT "andre-zanchetta@uiowa.edu"
#define PACKAGE_URL ""
#define PACKAGE "asynch"
#define VERSION "1.4.3"

configure: caught signal 15
configure: exit 1
